 
****************************************
Report : timing
        -path full
        -delay max
        -max_paths 1
Design : SME
Version: U-2022.12
Date   : Wed Feb  7 01:15:16 2024
****************************************

Operating Conditions: slow   Library: slow
Wire Load Model Mode: top

  Startpoint: reset (input port clocked by clk)
  Endpoint: String_reg[8][0]
            (rising edge-triggered flip-flop clocked by clk)
  Path Group: clk
  Path Type: max

  Des/Clust/Port     Wire Load Model       Library
  ------------------------------------------------
  SME                tsmc13_wl10           slow

  Point                                    Incr       Path
  -----------------------------------------------------------
  clock clk (fall edge)                   10.00      10.00
  clock network delay (ideal)              0.50      10.50
  input external delay                     0.00      10.50 f
  reset (in)                               0.01      10.51 f
  U1145/Y (INVX3)                          0.49      11.01 r
  U605/Y (INVX3)                           0.66      11.66 f
  U724/Y (NOR2X1)                          0.32      11.98 r
  U723/Y (CLKBUFX3)                        0.62      12.60 r
  U924/Y (NAND3X2)                         0.50      13.10 f
  U740/Y (AOI2BB1X1)                       0.42      13.52 f
  U739/Y (CLKBUFX3)                        0.71      14.23 f
  U981/Y (OAI2BB2XL)                       0.47      14.70 f
  String_reg[8][0]/D (DFFQX1)              0.00      14.70 f
  data arrival time                                  14.70

  clock clk (rise edge)                   20.00      20.00
  clock network delay (ideal)              0.50      20.50
  clock uncertainty                       -0.10      20.40
  String_reg[8][0]/CK (DFFQX1)             0.00      20.40 r
  library setup time                      -0.30      20.10
  data required time                                 20.10
  -----------------------------------------------------------
  data required time                                 20.10
  data arrival time                                 -14.70
  -----------------------------------------------------------
  slack (MET)                                         5.40


1
