 
****************************************
Report : timing
        -path full
        -delay max
        -max_paths 1
Design : LCD_CTRL
Version: U-2022.12
Date   : Fri Feb  9 19:39:47 2024
****************************************

Operating Conditions: slow   Library: slow
Wire Load Model Mode: top

  Startpoint: op_point_Y_reg[0]
              (rising edge-triggered flip-flop clocked by clk)
  Endpoint: Buffer_reg[56][2]
            (rising edge-triggered flip-flop clocked by clk)
  Path Group: clk
  Path Type: max

  Des/Clust/Port     Wire Load Model       Library
  ------------------------------------------------
  LCD_CTRL           tsmc13_wl10           slow

  Point                                    Incr       Path
  -----------------------------------------------------------
  clock clk (rise edge)                    0.00       0.00
  clock network delay (ideal)              0.50       0.50
  op_point_Y_reg[0]/CK (DFFQX1)            0.00       0.50 r
  op_point_Y_reg[0]/Q (DFFQX1)             0.43       0.93 f
  U3889/Y (CLKBUFX3)                       0.87       1.80 f
  U3864/Y (INVX3)                          0.94       2.74 r
  U8550/Y (NOR2X1)                         0.50       3.24 f
  U3822/Y (AND2X2)                         0.57       3.81 f
  U5021/Y (CLKBUFX3)                       0.94       4.75 f
  U8579/Y (AO22X1)                         0.65       5.40 f
  U8580/Y (AOI221XL)                       0.52       5.92 r
  U8583/Y (NAND4X1)                        0.28       6.19 f
  U4281/Y (AOI22XL)                        0.49       6.68 r
  U8584/Y (OAI221XL)                       0.51       7.19 f
  U6289/Y (CLKBUFX3)                       0.65       7.84 f
  U6288/Y (CLKINVX1)                       0.57       8.41 r
  U5018/Y (INVX3)                          0.60       9.02 f
  U9750/Y (NAND2BX1)                       0.47       9.49 f
  U9752/Y (OA21XL)                         0.46       9.95 f
  U9753/Y (AOI211X1)                       0.33      10.27 r
  U4976/Y (CLKINVX1)                       0.20      10.47 f
  U9754/Y (AOI31X1)                        0.27      10.74 r
  U4975/Y (CLKINVX1)                       0.19      10.93 f
  U9755/Y (OAI211X1)                       0.32      11.24 r
  U9757/Y (AOI32X1)                        0.26      11.50 f
  U3947/Y (CLKINVX1)                       0.17      11.67 r
  U5870/Y (AO21X1)                         0.26      11.93 r
  U5869/Y (CLKBUFX3)                       0.42      12.35 r
  U4977/Y (INVX3)                          0.31      12.66 f
  U4305/Y (OAI22XL)                        0.70      13.35 r
  U4567/Y (CLKINVX1)                       0.41      13.76 f
  U9782/Y (AOI21X1)                        0.33      14.09 r
  U9783/Y (AOI2BB2X1)                      0.20      14.29 f
  U9784/Y (OAI22XL)                        0.43      14.72 r
  U9787/Y (OAI221XL)                       0.35      15.07 f
  U9788/Y (AO22X1)                         0.49      15.56 f
  U9743/Y (OAI21X1)                        0.35      15.91 r
  U4564/Y (CLKBUFX3)                       0.42      16.33 r
  U4465/Y (INVX3)                          0.26      16.60 f
  U3981/Y (AO22XL)                         0.39      16.99 f
  U6269/Y (AOI222XL)                       0.70      17.69 r
  U4361/Y (CLKINVX1)                       0.68      18.37 f
  U5856/Y (CLKBUFX3)                       0.88      19.25 f
  U8195/Y (AOI211X1)                       0.45      19.70 r
  U8193/Y (OAI221XL)                       0.29      20.00 f
  Buffer_reg[56][2]/D (DFFQX1)             0.00      20.00 f
  data arrival time                                  20.00

  clock clk (rise edge)                   20.00      20.00
  clock network delay (ideal)              0.50      20.50
  clock uncertainty                       -0.10      20.40
  Buffer_reg[56][2]/CK (DFFQX1)            0.00      20.40 r
  library setup time                      -0.32      20.08
  data required time                                 20.08
  -----------------------------------------------------------
  data required time                                 20.08
  data arrival time                                 -20.00
  -----------------------------------------------------------
  slack (MET)                                         0.08


1
