 
****************************************
Report : timing
        -path full
        -delay max
        -max_paths 1
Design : DT
Version: U-2022.12
Date   : Mon Aug  5 00:39:19 2024
****************************************

Operating Conditions: slow   Library: slow
Wire Load Model Mode: top

  Startpoint: res_di[5] (input port clocked by clk)
  Endpoint: count_reg[2]
            (rising edge-triggered flip-flop clocked by clk)
  Path Group: clk
  Path Type: max

  Des/Clust/Port     Wire Load Model       Library
  ------------------------------------------------
  DT                 tsmc13_wl10           slow

  Point                                    Incr       Path
  -----------------------------------------------------------
  clock clk (rise edge)                    0.00       0.00
  clock network delay (ideal)              0.50       0.50
  input external delay                     2.00       2.50 r
  res_di[5] (in)                           0.08       2.58 r
  U362/Y (INVX3)                           0.06       2.64 f
  U363/Y (NAND2X4)                         0.11       2.74 r
  U414/Y (INVX3)                           0.09       2.83 f
  U415/Y (NAND4X4)                         0.17       3.00 r
  U496/Y (NAND2X4)                         0.15       3.14 f
  U566/Y (OAI21X2)                         0.19       3.33 r
  U259/Y (CLKAND2X3)                       0.35       3.68 r
  U571/Y (NAND2X1)                         0.16       3.85 f
  U572/Y (OAI21XL)                         0.26       4.11 r
  count_reg[2]/D (DFFRX1)                  0.00       4.11 r
  data arrival time                                   4.11

  clock clk (rise edge)                    4.00       4.00
  clock network delay (ideal)              0.50       4.50
  clock uncertainty                       -0.10       4.40
  count_reg[2]/CK (DFFRX1)                 0.00       4.40 r
  library setup time                      -0.29       4.11
  data required time                                  4.11
  -----------------------------------------------------------
  data required time                                  4.11
  data arrival time                                  -4.11
  -----------------------------------------------------------
  slack (MET)                                         0.00


1
