 
****************************************
Report : area
Design : DT
Version: U-2022.12
Date   : Thu Sep  5 20:58:07 2024
****************************************

Library(s) Used:

    slow (File: /home/cell_library/CBDK_IC_Contest_v2.5/SynopsysDC/db/slow.db)

Number of ports:                           62
Number of nets:                           724
Number of cells:                          646
Number of combinational cells:            591
Number of sequential cells:                53
Number of macros/black boxes:               0
Number of buf/inv:                         82
Number of references:                      95

Combinational area:               5603.117370
Buf/Inv area:                      516.009597
Noncombinational area:            2247.357567
Macro/Black Box area:                0.000000
Net Interconnect area:           74200.369843

Total cell area:                  7850.474937
Total area:                      82050.844780
1
