 
****************************************
Report : timing
        -path full
        -delay max
        -max_paths 1
Design : DT
Version: U-2022.12
Date   : Thu Sep  5 20:58:07 2024
****************************************

Operating Conditions: slow   Library: slow
Wire Load Model Mode: top

  Startpoint: res_di[5] (input port clocked by clk)
  Endpoint: min_temp_reg[5]
            (rising edge-triggered flip-flop clocked by clk)
  Path Group: clk
  Path Type: max

  Des/Clust/Port     Wire Load Model       Library
  ------------------------------------------------
  DT                 tsmc13_wl10           slow

  Point                                    Incr       Path
  -----------------------------------------------------------
  clock clk (rise edge)                    0.00       0.00
  clock network delay (ideal)              0.50       0.50
  input external delay                     2.00       2.50 f
  res_di[5] (in)                           0.09       2.59 f
  U264/Y (AND2X2)                          0.26       2.85 f
  U419/Y (NAND2X2)                         0.14       2.99 r
  U418/Y (XOR2X4)                          0.17       3.16 r
  U242/Y (INVX4)                           0.13       3.29 f
  U397/Y (AOI2BB2X4)                       0.16       3.46 r
  U396/Y (NAND2X8)                         0.13       3.59 f
  U395/Y (NAND3X8)                         0.09       3.68 r
  U394/Y (NAND2X8)                         0.11       3.79 f
  U216/Y (CLKBUFX8)                        0.16       3.95 f
  U618/Y (AOI2BB2X4)                       0.19       4.14 f
  U619/Y (OAI2BB1X2)                       0.10       4.24 r
  min_temp_reg[5]/D (DFFRX2)               0.00       4.24 r
  data arrival time                                   4.24

  clock clk (rise edge)                    4.00       4.00
  clock network delay (ideal)              0.50       4.50
  clock uncertainty                       -0.10       4.40
  min_temp_reg[5]/CK (DFFRX2)              0.00       4.40 r
  library setup time                      -0.16       4.24
  data required time                                  4.24
  -----------------------------------------------------------
  data required time                                  4.24
  data arrival time                                  -4.24
  -----------------------------------------------------------
  slack (MET)                                         0.00


1
