 
****************************************
Report : area
Design : LASER
Version: U-2022.12
Date   : Tue Feb  6 02:04:07 2024
****************************************

Library(s) Used:

    slow (File: /home/cell_library/CBDK_IC_Contest_v2.5/SynopsysDC/db/slow.db)

Number of ports:                           27
Number of nets:                          2995
Number of cells:                         2981
Number of combinational cells:           2579
Number of sequential cells:               402
Number of macros/black boxes:               0
Number of buf/inv:                        471
Number of references:                     105

Combinational area:              20042.899014
Buf/Inv area:                     2250.752372
Noncombinational area:           10664.764399
Macro/Black Box area:                0.000000
Net Interconnect area:          315748.271057

Total cell area:                 30707.663413
Total area:                     346455.934470
1
