 
****************************************
Report : area
Design : JAM
Version: L-2016.03
Date   : Wed Jan 24 02:00:52 2024
****************************************

Library(s) Used:

    slow (File: /home/s109064119/CBDK_IC_Contest_v2.1/SynopsysDC/db/slow.db)

Number of ports:                           94
Number of nets:                           737
Number of cells:                          645
Number of combinational cells:            583
Number of sequential cells:                60
Number of macros/black boxes:               0
Number of buf/inv:                        147
Number of references:                     160

Combinational area:               6562.148382
Buf/Inv area:                     1152.534596
Noncombinational area:            1775.480429
Macro/Black Box area:                0.000000
Net Interconnect area:           82787.080475

Total cell area:                  8337.628811
Total area:                      91124.709286
1
